[2022-01-05 02:42:41]-[Info]-[main.cpp]-[32] :> 进入管理员界面
[2022-01-05 02:42:45]-[Info]-[main.cpp]-[37] :> 进入管理员界面
[2022-01-05 02:43:20]-[Info]-[main.cpp]-[275] :> 输出B树的状态
[2022-01-05 02:43:25]-[Info]-[main.cpp]-[37] :> 进入管理员界面
[2022-01-05 02:43:40]-[Info]-[main.cpp]-[37] :> 进入管理员界面
[2022-01-05 02:43:49]-[Info]-[main.cpp]-[275] :> 输出B树的状态
[2022-01-05 02:43:52]-[Info]-[main.cpp]-[37] :> 进入管理员界面
[2022-01-05 02:44:07]-[Info]-[main.cpp]-[37] :> 进入管理员界面
[2022-01-05 02:44:09]-[Info]-[main.cpp]-[136] :> 借阅文献
[2022-01-05 02:44:15]-[Info]-[main.cpp]-[37] :> 进入管理员界面
[2022-01-05 02:44:45]-[Info]-[main.cpp]-[136] :> 借阅文献
[2022-01-05 02:45:06]-[Info]-[main.cpp]-[37] :> 进入管理员界面
[2022-01-05 02:45:16]-[Info]-[main.cpp]-[136] :> 借阅文献
[2022-01-05 02:45:29]-[Info]-[book.cpp]-[15] :> 借阅文献
[2022-01-05 02:45:32]-[Info]-[main.cpp]-[37] :> 进入管理员界面
[2022-01-05 02:45:40]-[Info]-[main.cpp]-[255] :> 查看某种文献信息（包括文献借阅情况） 
[2022-01-05 02:46:39]-[Info]-[main.cpp]-[37] :> 进入管理员界面
[2022-01-05 02:52:31]-[Info]-[main.cpp]-[32] :> 进入管理员界面
[2022-01-05 02:52:34]-[Info]-[main.cpp]-[37] :> 进入管理员界面
[2022-01-05 02:52:38]-[Info]-[main.cpp]-[136] :> 借阅文献
[2022-01-05 02:52:40]-[Info]-[book.cpp]-[160] :> 输出某本文献的信息（不包括借阅者）
[2022-01-05 02:52:40]-[Info]-[book.cpp]-[184] :> 检查某本书的现存量是否大于0
[2022-01-05 02:52:42]-[Info]-[book.cpp]-[15] :> 借阅文献
[2022-01-05 02:52:42]-[Info]-[book.cpp]-[40] :> 判断是否借过  0:借过
[2022-01-05 02:52:42]-[Info]-[book.cpp]-[160] :> 输出某本文献的信息（不包括借阅者）
[2022-01-05 02:52:43]-[Info]-[main.cpp]-[37] :> 进入管理员界面
[2022-01-05 02:52:48]-[Info]-[main.cpp]-[255] :> 查看某种文献信息（包括文献借阅情况） 
[2022-01-05 02:52:48]-[Info]-[book.cpp]-[146] :> 输出某本文献的全部信息（包括借阅者）
[2022-01-05 02:52:48]-[Info]-[book.cpp]-[160] :> 输出某本文献的信息（不包括借阅者）
[2022-01-05 02:52:49]-[Info]-[main.cpp]-[37] :> 进入管理员界面
[2022-01-05 02:52:51]-[Info]-[main.cpp]-[204] :> 归还文献
[2022-01-05 02:52:52]-[Info]-[book.cpp]-[160] :> 输出某本文献的信息（不包括借阅者）
[2022-01-05 02:52:54]-[Info]-[book.cpp]-[56] :> 归还文献
[2022-01-05 02:52:54]-[Info]-[book.cpp]-[124] :> 预约文献减去 
[2022-01-05 02:52:54]-[Info]-[book.cpp]-[160] :> 输出某本文献的信息（不包括借阅者）
[2022-01-05 03:19:29]-[Info]-[main.cpp]-[32] :> 进入管理员界面
[2022-01-05 03:19:33]-[Info]-[main.cpp]-[37] :> 进入管理员界面
[2022-01-05 03:19:37]-[Info]-[main.cpp]-[136] :> 借阅文献
[2022-01-05 03:19:38]-[Info]-[book.cpp]-[158] :> 输出某本文献的信息（不包括借阅者）
[2022-01-05 03:19:38]-[Info]-[book.cpp]-[182] :> 检查某本书的现存量是否大于0
[2022-01-05 03:19:39]-[Info]-[book.cpp]-[15] :> 借阅文献
[2022-01-05 03:19:39]-[Info]-[book.cpp]-[40] :> 判断是否借过  0:借过
[2022-01-05 03:19:39]-[Info]-[book.cpp]-[158] :> 输出某本文献的信息（不包括借阅者）
[2022-01-05 03:19:40]-[Info]-[main.cpp]-[37] :> 进入管理员界面
[2022-01-05 03:19:42]-[Info]-[main.cpp]-[136] :> 借阅文献
[2022-01-05 03:19:42]-[Info]-[book.cpp]-[158] :> 输出某本文献的信息（不包括借阅者）
[2022-01-05 03:19:42]-[Info]-[book.cpp]-[182] :> 检查某本书的现存量是否大于0
[2022-01-05 03:19:44]-[Info]-[book.cpp]-[40] :> 判断是否借过  0:借过
[2022-01-05 03:19:44]-[Info]-[main.cpp]-[37] :> 进入管理员界面
[2022-01-05 03:19:45]-[Info]-[main.cpp]-[136] :> 借阅文献
[2022-01-05 03:19:46]-[Info]-[book.cpp]-[158] :> 输出某本文献的信息（不包括借阅者）
[2022-01-05 03:19:46]-[Info]-[book.cpp]-[182] :> 检查某本书的现存量是否大于0
[2022-01-05 03:19:48]-[Info]-[book.cpp]-[40] :> 判断是否借过  0:借过
[2022-01-05 03:19:48]-[Info]-[book.cpp]-[87] :> 预约文献
[2022-01-05 03:19:49]-[Info]-[main.cpp]-[37] :> 进入管理员界面
[2022-01-05 03:19:53]-[Info]-[main.cpp]-[254] :> 查看某种文献信息（包括文献借阅情况） 
[2022-01-05 03:19:54]-[Info]-[book.cpp]-[144] :> 输出某本文献的全部信息（包括借阅者）
[2022-01-05 03:19:54]-[Info]-[book.cpp]-[158] :> 输出某本文献的信息（不包括借阅者）
[2022-01-05 03:21:37]-[Info]-[main.cpp]-[37] :> 进入管理员界面
[2022-01-05 03:21:40]-[Info]-[main.cpp]-[204] :> 归还文献
[2022-01-05 03:21:41]-[Info]-[book.cpp]-[158] :> 输出某本文献的信息（不包括借阅者）
[2022-01-05 03:21:43]-[Info]-[book.cpp]-[56] :> 归还文献
[2022-01-05 03:21:43]-[Info]-[book.cpp]-[122] :> 预约文献减去 
[2022-01-05 03:21:43]-[Info]-[book.cpp]-[15] :> 借阅文献
[2022-01-05 03:21:43]-[Info]-[book.cpp]-[40] :> 判断是否借过  0:借过
[2022-01-05 03:21:43]-[Info]-[book.cpp]-[122] :> 预约文献减去 
[2022-01-05 03:21:43]-[Info]-[book.cpp]-[158] :> 输出某本文献的信息（不包括借阅者）
[2022-01-05 03:21:45]-[Info]-[main.cpp]-[37] :> 进入管理员界面
[2022-01-05 03:21:47]-[Info]-[main.cpp]-[254] :> 查看某种文献信息（包括文献借阅情况） 
[2022-01-05 03:21:48]-[Info]-[book.cpp]-[144] :> 输出某本文献的全部信息（包括借阅者）
[2022-01-05 03:21:48]-[Info]-[book.cpp]-[158] :> 输出某本文献的信息（不包括借阅者）
[2022-01-05 04:02:33]-[Info]-[main.cpp]-[33] :> 进入管理员界面
[2022-01-05 04:02:36]-[Info]-[main.cpp]-[38] :> 进入管理员界面
[2022-01-05 04:02:39]-[Info]-[main.cpp]-[275] :> 输出B树的状态
[2022-01-05 04:02:40]-[Info]-[main.cpp]-[38] :> 进入管理员界面
[2022-01-05 04:02:43]-[Info]-[main.cpp]-[284] :> 输出所有文献 
[2022-01-05 04:02:43]-[Info]-[book.cpp]-[190] :> 遍历输出所有文献信息
[2022-01-05 04:02:43]-[Info]-[book.cpp]-[190] :> 遍历输出所有文献信息
[2022-01-05 04:02:43]-[Info]-[book.cpp]-[190] :> 遍历输出所有文献信息
[2022-01-05 04:02:43]-[Info]-[book.cpp]-[190] :> 遍历输出所有文献信息
[2022-01-05 04:02:43]-[Info]-[book.cpp]-[190] :> 遍历输出所有文献信息
[2022-01-05 04:02:43]-[Info]-[book.cpp]-[190] :> 遍历输出所有文献信息
[2022-01-05 04:02:43]-[Info]-[book.cpp]-[190] :> 遍历输出所有文献信息
[2022-01-05 04:02:43]-[Info]-[book.cpp]-[190] :> 遍历输出所有文献信息
[2022-01-05 04:02:43]-[Info]-[book.cpp]-[190] :> 遍历输出所有文献信息
[2022-01-05 04:02:43]-[Info]-[book.cpp]-[190] :> 遍历输出所有文献信息
[2022-01-05 04:02:43]-[Info]-[book.cpp]-[190] :> 遍历输出所有文献信息
[2022-01-05 04:02:43]-[Info]-[book.cpp]-[190] :> 遍历输出所有文献信息
[2022-01-05 04:02:43]-[Info]-[book.cpp]-[190] :> 遍历输出所有文献信息
[2022-01-05 04:02:43]-[Info]-[book.cpp]-[190] :> 遍历输出所有文献信息
[2022-01-05 04:02:43]-[Info]-[book.cpp]-[190] :> 遍历输出所有文献信息
[2022-01-05 04:02:43]-[Info]-[book.cpp]-[190] :> 遍历输出所有文献信息
[2022-01-05 04:02:43]-[Info]-[book.cpp]-[190] :> 遍历输出所有文献信息
[2022-01-05 04:02:43]-[Info]-[book.cpp]-[190] :> 遍历输出所有文献信息
[2022-01-05 04:02:43]-[Info]-[book.cpp]-[190] :> 遍历输出所有文献信息
[2022-01-05 04:02:43]-[Info]-[book.cpp]-[190] :> 遍历输出所有文献信息
[2022-01-05 04:02:43]-[Info]-[book.cpp]-[190] :> 遍历输出所有文献信息
[2022-01-05 04:02:43]-[Info]-[book.cpp]-[190] :> 遍历输出所有文献信息
[2022-01-05 04:02:43]-[Info]-[book.cpp]-[190] :> 遍历输出所有文献信息
[2022-01-05 04:02:43]-[Info]-[book.cpp]-[190] :> 遍历输出所有文献信息
[2022-01-05 04:02:43]-[Info]-[book.cpp]-[190] :> 遍历输出所有文献信息
[2022-01-05 04:02:43]-[Info]-[book.cpp]-[190] :> 遍历输出所有文献信息
[2022-01-05 04:02:43]-[Info]-[book.cpp]-[190] :> 遍历输出所有文献信息
[2022-01-05 04:02:43]-[Info]-[book.cpp]-[190] :> 遍历输出所有文献信息
[2022-01-05 04:02:43]-[Info]-[book.cpp]-[190] :> 遍历输出所有文献信息
[2022-01-05 04:06:55]-[Info]-[main.cpp]-[33] :> 进入管理员界面
[2022-01-05 04:06:58]-[Info]-[main.cpp]-[38] :> 进入管理员界面
[2022-01-05 04:07:00]-[Info]-[main.cpp]-[284] :> 输出所有文献 
[2022-01-05 04:07:00]-[Info]-[book.cpp]-[190] :> 遍历输出所有文献信息
[2022-01-05 04:07:00]-[Info]-[book.cpp]-[190] :> 遍历输出所有文献信息
[2022-01-05 04:07:00]-[Info]-[book.cpp]-[190] :> 遍历输出所有文献信息
[2022-01-05 04:07:00]-[Info]-[book.cpp]-[190] :> 遍历输出所有文献信息
[2022-01-05 04:07:00]-[Info]-[book.cpp]-[190] :> 遍历输出所有文献信息
[2022-01-05 04:07:00]-[Info]-[book.cpp]-[190] :> 遍历输出所有文献信息
[2022-01-05 04:07:00]-[Info]-[book.cpp]-[190] :> 遍历输出所有文献信息
[2022-01-05 04:07:00]-[Info]-[book.cpp]-[190] :> 遍历输出所有文献信息
[2022-01-05 04:07:00]-[Info]-[book.cpp]-[190] :> 遍历输出所有文献信息
[2022-01-05 04:07:00]-[Info]-[book.cpp]-[190] :> 遍历输出所有文献信息
[2022-01-05 04:07:00]-[Info]-[book.cpp]-[190] :> 遍历输出所有文献信息
[2022-01-05 04:07:00]-[Info]-[book.cpp]-[190] :> 遍历输出所有文献信息
[2022-01-05 04:07:00]-[Info]-[book.cpp]-[190] :> 遍历输出所有文献信息
[2022-01-05 04:07:00]-[Info]-[book.cpp]-[190] :> 遍历输出所有文献信息
[2022-01-05 04:07:00]-[Info]-[book.cpp]-[190] :> 遍历输出所有文献信息
[2022-01-05 04:07:00]-[Info]-[book.cpp]-[190] :> 遍历输出所有文献信息
[2022-01-05 04:07:00]-[Info]-[book.cpp]-[190] :> 遍历输出所有文献信息
[2022-01-05 04:07:00]-[Info]-[book.cpp]-[190] :> 遍历输出所有文献信息
[2022-01-05 04:07:00]-[Info]-[book.cpp]-[190] :> 遍历输出所有文献信息
[2022-01-05 04:07:00]-[Info]-[book.cpp]-[190] :> 遍历输出所有文献信息
[2022-01-05 04:07:00]-[Info]-[book.cpp]-[190] :> 遍历输出所有文献信息
[2022-01-05 04:07:00]-[Info]-[book.cpp]-[190] :> 遍历输出所有文献信息
[2022-01-05 04:07:00]-[Info]-[book.cpp]-[190] :> 遍历输出所有文献信息
[2022-01-05 04:07:00]-[Info]-[book.cpp]-[190] :> 遍历输出所有文献信息
[2022-01-05 04:07:00]-[Info]-[book.cpp]-[190] :> 遍历输出所有文献信息
[2022-01-05 04:07:00]-[Info]-[book.cpp]-[190] :> 遍历输出所有文献信息
[2022-01-05 04:07:00]-[Info]-[book.cpp]-[190] :> 遍历输出所有文献信息
[2022-01-05 04:07:00]-[Info]-[book.cpp]-[190] :> 遍历输出所有文献信息
[2022-01-05 04:07:00]-[Info]-[book.cpp]-[190] :> 遍历输出所有文献信息
[2022-01-05 04:27:22]-[Info]-[main.cpp]-[33] :> 进入管理员界面
[2022-01-05 04:27:26]-[Info]-[main.cpp]-[38] :> 进入管理员界面
[2022-01-05 04:27:27]-[Info]-[main.cpp]-[60] :> 采编入库
[2022-01-05 04:27:30]-[Info]-[book.cpp]-[5] :> 采编入库
[2022-01-05 04:27:30]-[Info]-[book.cpp]-[158] :> 输出某本文献的信息（不包括借阅者）
[2022-01-05 04:27:30]-[Info]-[main.cpp]-[38] :> 进入管理员界面
[2022-01-05 04:28:33]-[Info]-[main.cpp]-[33] :> 进入管理员界面
[2022-01-05 04:28:36]-[Info]-[main.cpp]-[38] :> 进入管理员界面
[2022-01-05 04:28:37]-[Info]-[main.cpp]-[60] :> 采编入库
[2022-01-05 04:28:41]-[Info]-[book.cpp]-[158] :> 输出某本文献的信息（不包括借阅者）
[2022-01-05 04:28:47]-[Info]-[book.cpp]-[172] :> 添加某本书的数量
[2022-01-05 04:28:47]-[Info]-[book.cpp]-[158] :> 输出某本文献的信息（不包括借阅者）
[2022-01-05 04:28:47]-[Info]-[main.cpp]-[38] :> 进入管理员界面
[2022-01-05 04:28:54]-[Info]-[main.cpp]-[60] :> 采编入库
[2022-01-05 04:29:09]-[Info]-[book.cpp]-[5] :> 采编入库
[2022-01-05 04:29:09]-[Info]-[book.cpp]-[158] :> 输出某本文献的信息（不包括借阅者）
[2022-01-05 04:29:10]-[Info]-[main.cpp]-[38] :> 进入管理员界面
[2022-01-05 04:29:15]-[Info]-[main.cpp]-[284] :> 输出所有文献 
[2022-01-05 04:29:15]-[Info]-[book.cpp]-[190] :> 遍历输出所有文献信息
[2022-01-05 04:29:15]-[Info]-[book.cpp]-[190] :> 遍历输出所有文献信息
[2022-01-05 04:29:15]-[Info]-[book.cpp]-[190] :> 遍历输出所有文献信息
[2022-01-05 04:29:15]-[Info]-[book.cpp]-[190] :> 遍历输出所有文献信息
[2022-01-05 04:29:15]-[Info]-[book.cpp]-[190] :> 遍历输出所有文献信息
[2022-01-05 04:29:15]-[Info]-[book.cpp]-[190] :> 遍历输出所有文献信息
[2022-01-05 04:29:15]-[Info]-[book.cpp]-[190] :> 遍历输出所有文献信息
[2022-01-05 04:29:15]-[Info]-[book.cpp]-[190] :> 遍历输出所有文献信息
[2022-01-05 04:29:15]-[Info]-[book.cpp]-[190] :> 遍历输出所有文献信息
[2022-01-05 04:29:15]-[Info]-[book.cpp]-[190] :> 遍历输出所有文献信息
[2022-01-05 04:29:15]-[Info]-[book.cpp]-[190] :> 遍历输出所有文献信息
[2022-01-05 04:29:15]-[Info]-[book.cpp]-[190] :> 遍历输出所有文献信息
[2022-01-05 04:29:15]-[Info]-[book.cpp]-[190] :> 遍历输出所有文献信息
[2022-01-05 04:29:15]-[Info]-[book.cpp]-[190] :> 遍历输出所有文献信息
[2022-01-05 04:29:15]-[Info]-[book.cpp]-[190] :> 遍历输出所有文献信息
[2022-01-05 04:29:15]-[Info]-[book.cpp]-[190] :> 遍历输出所有文献信息
[2022-01-05 04:29:15]-[Info]-[book.cpp]-[190] :> 遍历输出所有文献信息
[2022-01-05 04:29:15]-[Info]-[book.cpp]-[190] :> 遍历输出所有文献信息
[2022-01-05 04:29:15]-[Info]-[book.cpp]-[190] :> 遍历输出所有文献信息
[2022-01-05 04:29:15]-[Info]-[book.cpp]-[190] :> 遍历输出所有文献信息
[2022-01-05 04:29:15]-[Info]-[book.cpp]-[190] :> 遍历输出所有文献信息
[2022-01-05 04:29:15]-[Info]-[book.cpp]-[190] :> 遍历输出所有文献信息
[2022-01-05 04:29:15]-[Info]-[book.cpp]-[190] :> 遍历输出所有文献信息
[2022-01-05 04:29:15]-[Info]-[book.cpp]-[190] :> 遍历输出所有文献信息
[2022-01-05 04:29:15]-[Info]-[book.cpp]-[190] :> 遍历输出所有文献信息
[2022-01-05 04:29:15]-[Info]-[book.cpp]-[190] :> 遍历输出所有文献信息
[2022-01-05 04:29:15]-[Info]-[book.cpp]-[190] :> 遍历输出所有文献信息
[2022-01-05 04:29:15]-[Info]-[book.cpp]-[190] :> 遍历输出所有文献信息
[2022-01-05 04:29:15]-[Info]-[book.cpp]-[190] :> 遍历输出所有文献信息
[2022-01-05 04:29:15]-[Info]-[book.cpp]-[190] :> 遍历输出所有文献信息
[2022-01-05 04:29:15]-[Info]-[book.cpp]-[190] :> 遍历输出所有文献信息
[2022-01-05 04:29:15]-[Info]-[book.cpp]-[190] :> 遍历输出所有文献信息
[2022-01-05 04:29:15]-[Info]-[book.cpp]-[190] :> 遍历输出所有文献信息
[2022-01-05 04:29:15]-[Info]-[book.cpp]-[190] :> 遍历输出所有文献信息
[2022-01-05 04:29:15]-[Info]-[book.cpp]-[190] :> 遍历输出所有文献信息
[2022-01-05 04:29:21]-[Info]-[main.cpp]-[38] :> 进入管理员界面
[2022-01-05 04:29:24]-[Info]-[main.cpp]-[38] :> 进入管理员界面
[2022-01-05 04:32:02]-[Info]-[main.cpp]-[363] :> 进入借阅者界面
[2022-01-05 04:32:05]-[Info]-[main.cpp]-[519] :> 输出B树的状态
[2022-01-05 04:32:40]-[Info]-[main.cpp]-[363] :> 进入借阅者界面
[2022-01-05 04:32:40]-[Info]-[main.cpp]-[529] :> 输出所有文献 
[2022-01-05 04:32:40]-[Info]-[book.cpp]-[190] :> 遍历输出所有文献信息
[2022-01-05 04:32:40]-[Info]-[book.cpp]-[190] :> 遍历输出所有文献信息
[2022-01-05 04:32:40]-[Info]-[book.cpp]-[190] :> 遍历输出所有文献信息
[2022-01-05 04:32:40]-[Info]-[book.cpp]-[190] :> 遍历输出所有文献信息
[2022-01-05 04:32:40]-[Info]-[book.cpp]-[190] :> 遍历输出所有文献信息
[2022-01-05 04:32:40]-[Info]-[book.cpp]-[190] :> 遍历输出所有文献信息
[2022-01-05 04:32:40]-[Info]-[book.cpp]-[190] :> 遍历输出所有文献信息
[2022-01-05 04:32:40]-[Info]-[book.cpp]-[190] :> 遍历输出所有文献信息
[2022-01-05 04:32:40]-[Info]-[book.cpp]-[190] :> 遍历输出所有文献信息
[2022-01-05 04:32:40]-[Info]-[book.cpp]-[190] :> 遍历输出所有文献信息
[2022-01-05 04:32:40]-[Info]-[book.cpp]-[190] :> 遍历输出所有文献信息
[2022-01-05 04:32:40]-[Info]-[book.cpp]-[190] :> 遍历输出所有文献信息
[2022-01-05 04:32:40]-[Info]-[book.cpp]-[190] :> 遍历输出所有文献信息
[2022-01-05 04:32:40]-[Info]-[book.cpp]-[190] :> 遍历输出所有文献信息
[2022-01-05 04:32:40]-[Info]-[book.cpp]-[190] :> 遍历输出所有文献信息
[2022-01-05 04:32:40]-[Info]-[book.cpp]-[190] :> 遍历输出所有文献信息
[2022-01-05 04:32:40]-[Info]-[book.cpp]-[190] :> 遍历输出所有文献信息
[2022-01-05 04:32:40]-[Info]-[book.cpp]-[190] :> 遍历输出所有文献信息
[2022-01-05 04:32:40]-[Info]-[book.cpp]-[190] :> 遍历输出所有文献信息
[2022-01-05 04:32:40]-[Info]-[book.cpp]-[190] :> 遍历输出所有文献信息
[2022-01-05 04:32:40]-[Info]-[book.cpp]-[190] :> 遍历输出所有文献信息
[2022-01-05 04:32:40]-[Info]-[book.cpp]-[190] :> 遍历输出所有文献信息
[2022-01-05 04:32:40]-[Info]-[book.cpp]-[190] :> 遍历输出所有文献信息
[2022-01-05 04:32:40]-[Info]-[book.cpp]-[190] :> 遍历输出所有文献信息
[2022-01-05 04:32:40]-[Info]-[book.cpp]-[190] :> 遍历输出所有文献信息
[2022-01-05 04:32:40]-[Info]-[book.cpp]-[190] :> 遍历输出所有文献信息
[2022-01-05 04:32:40]-[Info]-[book.cpp]-[190] :> 遍历输出所有文献信息
[2022-01-05 04:32:40]-[Info]-[book.cpp]-[190] :> 遍历输出所有文献信息
[2022-01-05 04:32:40]-[Info]-[book.cpp]-[190] :> 遍历输出所有文献信息
[2022-01-05 04:32:40]-[Info]-[book.cpp]-[190] :> 遍历输出所有文献信息
[2022-01-05 04:32:40]-[Info]-[book.cpp]-[190] :> 遍历输出所有文献信息
[2022-01-05 04:32:40]-[Info]-[book.cpp]-[190] :> 遍历输出所有文献信息
[2022-01-05 04:32:40]-[Info]-[book.cpp]-[190] :> 遍历输出所有文献信息
[2022-01-05 04:32:40]-[Info]-[book.cpp]-[190] :> 遍历输出所有文献信息
[2022-01-05 04:32:40]-[Info]-[book.cpp]-[190] :> 遍历输出所有文献信息
[2022-01-05 04:32:40]-[Info]-[book.cpp]-[190] :> 遍历输出所有文献信息
[2022-01-05 04:32:42]-[Info]-[main.cpp]-[363] :> 进入借阅者界面
[2022-01-05 04:32:45]-[Info]-[main.cpp]-[385] :> 借阅文献
[2022-01-05 04:32:48]-[Info]-[book.cpp]-[158] :> 输出某本文献的信息（不包括借阅者）
[2022-01-05 04:32:48]-[Info]-[book.cpp]-[182] :> 检查某本书的现存量是否大于0
[2022-01-05 04:32:54]-[Info]-[book.cpp]-[15] :> 借阅文献
[2022-01-05 04:32:54]-[Info]-[book.cpp]-[40] :> 判断是否借过  0:借过
[2022-01-05 04:32:54]-[Info]-[book.cpp]-[158] :> 输出某本文献的信息（不包括借阅者）
[2022-01-05 04:32:55]-[Info]-[main.cpp]-[363] :> 进入借阅者界面
[2022-01-05 04:33:03]-[Info]-[main.cpp]-[500] :> 查看某种文献信息
[2022-01-05 04:33:04]-[Info]-[book.cpp]-[158] :> 输出某本文献的信息（不包括借阅者）
[2022-01-05 04:33:06]-[Info]-[main.cpp]-[363] :> 进入借阅者界面
[2022-01-05 04:33:10]-[Info]-[main.cpp]-[451] :> 归还文献
[2022-01-05 04:33:12]-[Info]-[book.cpp]-[158] :> 输出某本文献的信息（不包括借阅者）
[2022-01-05 04:33:14]-[Info]-[book.cpp]-[56] :> 归还文献
[2022-01-05 04:33:14]-[Info]-[book.cpp]-[122] :> 预约文献减去 
[2022-01-05 04:33:14]-[Info]-[book.cpp]-[158] :> 输出某本文献的信息（不包括借阅者）
[2022-01-05 04:33:15]-[Info]-[main.cpp]-[363] :> 进入借阅者界面
[2022-01-05 04:33:24]-[Info]-[main.cpp]-[385] :> 借阅文献
[2022-01-05 04:33:33]-[Info]-[book.cpp]-[158] :> 输出某本文献的信息（不包括借阅者）
[2022-01-05 04:33:33]-[Info]-[book.cpp]-[182] :> 检查某本书的现存量是否大于0
[2022-01-05 04:33:36]-[Info]-[book.cpp]-[15] :> 借阅文献
[2022-01-05 04:33:36]-[Info]-[book.cpp]-[40] :> 判断是否借过  0:借过
[2022-01-05 04:33:36]-[Info]-[book.cpp]-[158] :> 输出某本文献的信息（不包括借阅者）
[2022-01-05 04:33:37]-[Info]-[main.cpp]-[363] :> 进入借阅者界面
[2022-01-05 04:33:39]-[Info]-[main.cpp]-[363] :> 进入借阅者界面
[2022-01-05 04:34:02]-[Info]-[main.cpp]-[451] :> 归还文献
[2022-01-05 04:34:04]-[Info]-[book.cpp]-[158] :> 输出某本文献的信息（不包括借阅者）
[2022-01-05 04:34:07]-[Info]-[book.cpp]-[56] :> 归还文献
[2022-01-05 04:34:07]-[Info]-[book.cpp]-[122] :> 预约文献减去 
[2022-01-05 04:34:07]-[Info]-[book.cpp]-[158] :> 输出某本文献的信息（不包括借阅者）
[2022-01-05 04:34:07]-[Info]-[main.cpp]-[363] :> 进入借阅者界面
[2022-01-05 04:39:20]-[Info]-[main.cpp]-[33] :> 进入管理员界面
[2022-01-05 04:39:23]-[Info]-[main.cpp]-[38] :> 进入管理员界面
[2022-01-05 04:39:24]-[Info]-[main.cpp]-[275] :> 输出B树的状态
[2022-01-05 04:39:25]-[Info]-[main.cpp]-[38] :> 进入管理员界面
[2022-01-05 04:39:32]-[Info]-[main.cpp]-[137] :> 借阅文献
[2022-01-05 04:39:34]-[Info]-[book.cpp]-[158] :> 输出某本文献的信息（不包括借阅者）
[2022-01-05 04:39:34]-[Info]-[book.cpp]-[182] :> 检查某本书的现存量是否大于0
